::1 - - [10/Jun/2022:05:09:18 +0000] "GET / HTTP/1.1" 200 36 "-" "PostmanRuntime/7.29.0"
::1 - - [10/Jun/2022:05:09:29 +0000] "GET / HTTP/1.1" 200 36 "-" "PostmanRuntime/7.29.0"
::1 - - [10/Jun/2022:05:09:43 +0000] "GET / HTTP/1.1" 200 36 "-" "PostmanRuntime/7.29.0"
::1 - - [10/Jun/2022:05:11:41 +0000] "POST /api/tutorials HTTP/1.1" 200 160 "-" "PostmanRuntime/7.29.0"
::1 - - [10/Jun/2022:05:12:32 +0000] "PUT /api/tutorials HTTP/1.1" 404 152 "-" "PostmanRuntime/7.29.0"
::1 - - [10/Jun/2022:05:12:49 +0000] "PUT /api/tutorials/1 HTTP/1.1" 200 48 "-" "PostmanRuntime/7.29.0"
::1 - - [10/Jun/2022:05:12:54 +0000] "GET /api/tutorials HTTP/1.1" 200 162 "-" "PostmanRuntime/7.29.0"
::1 - - [10/Jun/2022:05:16:02 +0000] "GET /api/tutorials HTTP/1.1" 200 2 "-" "PostmanRuntime/7.29.0"
::1 - - [10/Jun/2022:05:17:21 +0000] "POST /api/tutorials HTTP/1.1" 200 160 "-" "PostmanRuntime/7.29.0"
::1 - - [10/Jun/2022:05:17:24 +0000] "GET /api/tutorials HTTP/1.1" 200 162 "-" "PostmanRuntime/7.29.0"
::1 - - [10/Jun/2022:05:18:07 +0000] "GET /api/tutorials HTTP/1.1" 200 162 "-" "PostmanRuntime/7.29.0"
::1 - - [10/Jun/2022:05:19:21 +0000] "GET /api/tutorials HTTP/1.1" 200 162 "-" "PostmanRuntime/7.29.0"
::1 - - [10/Jun/2022:05:19:34 +0000] "GET /api/tutorials HTTP/1.1" 200 162 "-" "PostmanRuntime/7.29.0"
::1 - - [10/Jun/2022:05:20:58 +0000] "GET /api/tutorials HTTP/1.1" 200 162 "-" "PostmanRuntime/7.29.0"
::1 - - [10/Jun/2022:05:21:09 +0000] "GET /api/tutorials/5 HTTP/1.1" 404 45 "-" "PostmanRuntime/7.29.0"
::1 - - [10/Jun/2022:07:40:18 +0000] "GET /api/tutorials/5 HTTP/1.1" 404 45 "-" "PostmanRuntime/7.29.0"
::1 - - [10/Jun/2022:07:40:25 +0000] "GET /api/tutorials HTTP/1.1" 200 162 "-" "PostmanRuntime/7.29.0"
::1 - - [10/Jun/2022:07:41:46 +0000] "POST /api/tutorials HTTP/1.1" 500 93 "-" "PostmanRuntime/7.29.0"
::1 - - [10/Jun/2022:07:43:01 +0000] "POST /api/tutorials HTTP/1.1" 200 202 "-" "PostmanRuntime/7.29.0"
::1 - - [10/Jun/2022:07:43:08 +0000] "GET /api/tutorials HTTP/1.1" 200 204 "-" "PostmanRuntime/7.29.0"
::1 - - [10/Jun/2022:07:43:17 +0000] "GET /api/tutorials/434e21bd-126e-42c6-a4f6-848be1053166 HTTP/1.1" 200 202 "-" "PostmanRuntime/7.29.0"
